[05-Mar-2026 20:14:15 Asia/Kolkata] Contact form submission received: {"timestamp":"2026-03-05 20:14:15","post_data":{"contact_form":"1","name":"CSE Student","email":"csestudent2026@gmail.com","phone":"9356907874","subject":"ad","message":"ads"},"parsed_data":{"name":"CSE Student","email":"csestudent2026@gmail.com","phone":"9356907874","subject":"ad","message":"ads"}}
[05-Mar-2026 20:14:15 Asia/Kolkata] Attempting to insert: name=CSE Student, email=csestudent2026@gmail.com, subject=ad
[05-Mar-2026 20:14:15 Asia/Kolkata] Contact submission inserted successfully with ID: 2
[05-Mar-2026 20:15:43 Asia/Kolkata] PHP Warning:  mail(): Failed to connect to mailserver at &quot;localhost&quot; port 25, verify your &quot;SMTP&quot; and &quot;smtp_port&quot; setting in php.ini or use ini_set() in C:\xampp\htdocs\bank-website-grok\admin\contacts.php on line 64
[05-Mar-2026 21:56:11 Asia/Kolkata] PHP Warning:  include(includes/header.php): Failed to open stream: No such file or directory in C:\xampp\htdocs\bank-website-grok\pages\contact.php on line 125
[05-Mar-2026 21:56:11 Asia/Kolkata] PHP Warning:  include(): Failed opening 'includes/header.php' for inclusion (include_path='C:\xampp\php\PEAR') in C:\xampp\htdocs\bank-website-grok\pages\contact.php on line 125
[05-Mar-2026 21:56:11 Asia/Kolkata] PHP Warning:  include(includes/footer.php): Failed to open stream: No such file or directory in C:\xampp\htdocs\bank-website-grok\pages\contact.php on line 326
[05-Mar-2026 21:56:11 Asia/Kolkata] PHP Warning:  include(): Failed opening 'includes/footer.php' for inclusion (include_path='C:\xampp\php\PEAR') in C:\xampp\htdocs\bank-website-grok\pages\contact.php on line 326
[05-Mar-2026 21:56:18 Asia/Kolkata] PHP Warning:  include(includes/header.php): Failed to open stream: No such file or directory in C:\xampp\htdocs\bank-website-grok\pages\contact.php on line 125
[05-Mar-2026 21:56:18 Asia/Kolkata] PHP Warning:  include(): Failed opening 'includes/header.php' for inclusion (include_path='C:\xampp\php\PEAR') in C:\xampp\htdocs\bank-website-grok\pages\contact.php on line 125
[05-Mar-2026 21:56:18 Asia/Kolkata] PHP Warning:  include(includes/footer.php): Failed to open stream: No such file or directory in C:\xampp\htdocs\bank-website-grok\pages\contact.php on line 326
[05-Mar-2026 21:56:18 Asia/Kolkata] PHP Warning:  include(): Failed opening 'includes/footer.php' for inclusion (include_path='C:\xampp\php\PEAR') in C:\xampp\htdocs\bank-website-grok\pages\contact.php on line 326
[05-Mar-2026 21:56:19 Asia/Kolkata] PHP Warning:  include(includes/header.php): Failed to open stream: No such file or directory in C:\xampp\htdocs\bank-website-grok\pages\contact.php on line 125
[05-Mar-2026 21:56:19 Asia/Kolkata] PHP Warning:  include(): Failed opening 'includes/header.php' for inclusion (include_path='C:\xampp\php\PEAR') in C:\xampp\htdocs\bank-website-grok\pages\contact.php on line 125
[05-Mar-2026 21:56:19 Asia/Kolkata] PHP Warning:  include(includes/footer.php): Failed to open stream: No such file or directory in C:\xampp\htdocs\bank-website-grok\pages\contact.php on line 326
[05-Mar-2026 21:56:19 Asia/Kolkata] PHP Warning:  include(): Failed opening 'includes/footer.php' for inclusion (include_path='C:\xampp\php\PEAR') in C:\xampp\htdocs\bank-website-grok\pages\contact.php on line 326
[05-Mar-2026 21:56:19 Asia/Kolkata] PHP Warning:  include(includes/header.php): Failed to open stream: No such file or directory in C:\xampp\htdocs\bank-website-grok\pages\contact.php on line 125
[05-Mar-2026 21:56:19 Asia/Kolkata] PHP Warning:  include(): Failed opening 'includes/header.php' for inclusion (include_path='C:\xampp\php\PEAR') in C:\xampp\htdocs\bank-website-grok\pages\contact.php on line 125
[05-Mar-2026 21:56:19 Asia/Kolkata] PHP Warning:  include(includes/footer.php): Failed to open stream: No such file or directory in C:\xampp\htdocs\bank-website-grok\pages\contact.php on line 326
[05-Mar-2026 21:56:19 Asia/Kolkata] PHP Warning:  include(): Failed opening 'includes/footer.php' for inclusion (include_path='C:\xampp\php\PEAR') in C:\xampp\htdocs\bank-website-grok\pages\contact.php on line 326
[05-Mar-2026 21:57:48 Asia/Kolkata] PHP Warning:  include(includes/footer.php): Failed to open stream: No such file or directory in C:\xampp\htdocs\bank-website-grok\pages\contact.php on line 326
[05-Mar-2026 21:57:48 Asia/Kolkata] PHP Warning:  include(): Failed opening 'includes/footer.php' for inclusion (include_path='C:\xampp\php\PEAR') in C:\xampp\htdocs\bank-website-grok\pages\contact.php on line 326
[05-Mar-2026 22:38:41 Asia/Kolkata] PHP Fatal error:  Cannot redeclare getDBConnection() (previously declared in C:\xampp\htdocs\bank-website-grok\includes\db.php:18) in C:\xampp\htdocs\bank-website-grok\includes\db.php on line 38
[05-Mar-2026 22:38:42 Asia/Kolkata] PHP Fatal error:  Cannot redeclare getDBConnection() (previously declared in C:\xampp\htdocs\bank-website-grok\includes\db.php:18) in C:\xampp\htdocs\bank-website-grok\includes\db.php on line 38
[05-Mar-2026 22:38:42 Asia/Kolkata] PHP Fatal error:  Cannot redeclare getDBConnection() (previously declared in C:\xampp\htdocs\bank-website-grok\includes\db.php:18) in C:\xampp\htdocs\bank-website-grok\includes\db.php on line 38
[05-Mar-2026 22:38:43 Asia/Kolkata] PHP Fatal error:  Cannot redeclare getDBConnection() (previously declared in C:\xampp\htdocs\bank-website-grok\includes\db.php:18) in C:\xampp\htdocs\bank-website-grok\includes\db.php on line 38
[05-Mar-2026 22:38:43 Asia/Kolkata] PHP Fatal error:  Cannot redeclare getDBConnection() (previously declared in C:\xampp\htdocs\bank-website-grok\includes\db.php:18) in C:\xampp\htdocs\bank-website-grok\includes\db.php on line 38
[05-Mar-2026 22:38:43 Asia/Kolkata] PHP Fatal error:  Cannot redeclare getDBConnection() (previously declared in C:\xampp\htdocs\bank-website-grok\includes\db.php:18) in C:\xampp\htdocs\bank-website-grok\includes\db.php on line 38
[05-Mar-2026 22:39:18 Asia/Kolkata] PHP Fatal error:  Cannot redeclare getDBConnection() (previously declared in C:\xampp\htdocs\bank-website-grok\includes\db.php:18) in C:\xampp\htdocs\bank-website-grok\includes\db.php on line 38
[05-Mar-2026 22:39:19 Asia/Kolkata] PHP Fatal error:  Cannot redeclare getDBConnection() (previously declared in C:\xampp\htdocs\bank-website-grok\includes\db.php:18) in C:\xampp\htdocs\bank-website-grok\includes\db.php on line 38
[05-Mar-2026 22:41:52 Asia/Kolkata] PHP Fatal error:  Cannot redeclare getDBConnection() (previously declared in C:\xampp\htdocs\bank-website-grok\includes\db.php:18) in C:\xampp\htdocs\bank-website-grok\includes\db.php on line 38
[05-Mar-2026 22:42:35 Asia/Kolkata] PHP Fatal error:  Cannot redeclare getDBConnection() (previously declared in C:\xampp\htdocs\bank-website-grok\includes\db.php:18) in C:\xampp\htdocs\bank-website-grok\includes\db.php on line 38
[05-Mar-2026 22:42:36 Asia/Kolkata] PHP Fatal error:  Cannot redeclare getDBConnection() (previously declared in C:\xampp\htdocs\bank-website-grok\includes\db.php:18) in C:\xampp\htdocs\bank-website-grok\includes\db.php on line 38
[05-Mar-2026 22:45:34 Asia/Kolkata] PHP Fatal error:  Cannot redeclare getDBConnection() (previously declared in C:\xampp\htdocs\bank-website-grok\includes\db.php:18) in C:\xampp\htdocs\bank-website-grok\includes\db.php on line 38
[05-Mar-2026 22:46:48 Asia/Kolkata] PHP Fatal error:  Cannot redeclare getDBConnection() (previously declared in C:\xampp\htdocs\bank-website-grok\includes\db.php:18) in C:\xampp\htdocs\bank-website-grok\includes\db.php on line 38
[05-Mar-2026 22:47:16 Asia/Kolkata] PHP Fatal error:  Cannot redeclare getDBConnection() (previously declared in C:\xampp\htdocs\bank-website-grok\includes\db.php:18) in C:\xampp\htdocs\bank-website-grok\includes\db.php on line 38
[05-Mar-2026 22:47:39 Asia/Kolkata] PHP Fatal error:  Cannot redeclare getDBConnection() (previously declared in C:\xampp\htdocs\bank-website-grok\includes\db.php:18) in C:\xampp\htdocs\bank-website-grok\includes\db.php on line 38
[05-Mar-2026 22:49:04 Asia/Kolkata] PHP Fatal error:  Cannot redeclare getDBConnection() (previously declared in C:\xampp\htdocs\bank-website-grok\includes\db.php:18) in C:\xampp\htdocs\bank-website-grok\includes\db.php on line 38
[05-Mar-2026 22:49:35 Asia/Kolkata] PHP Fatal error:  Cannot redeclare getDBConnection() (previously declared in C:\xampp\htdocs\bank-website-grok\includes\db.php:18) in C:\xampp\htdocs\bank-website-grok\includes\db.php on line 38
[05-Mar-2026 22:56:12 Asia/Kolkata] Contact form submission received: {"timestamp":"2026-03-05 22:56:12","post_data":{"contact_form":"1","name":"CSE Student","email":"csestudent2026@gmail.com","phone":"9356907874","subject":"asd","message":"asd"},"parsed_data":{"name":"CSE Student","email":"csestudent2026@gmail.com","phone":"9356907874","subject":"asd","message":"asd"}}
[05-Mar-2026 22:56:12 Asia/Kolkata] Attempting to insert: name=CSE Student, email=csestudent2026@gmail.com, subject=asd
[05-Mar-2026 22:56:12 Asia/Kolkata] Contact submission inserted successfully with ID: 3
[05-Mar-2026 22:56:34 Asia/Kolkata] PHP Warning:  mail(): Failed to connect to mailserver at &quot;localhost&quot; port 25, verify your &quot;SMTP&quot; and &quot;smtp_port&quot; setting in php.ini or use ini_set() in C:\xampp\htdocs\bank-website-grok\admin\contacts.php on line 64
[05-Mar-2026 22:56:36 Asia/Kolkata] PHP Warning:  mail(): Failed to connect to mailserver at &quot;localhost&quot; port 25, verify your &quot;SMTP&quot; and &quot;smtp_port&quot; setting in php.ini or use ini_set() in C:\xampp\htdocs\bank-website-grok\admin\contacts.php on line 64
[05-Mar-2026 22:57:48 Asia/Kolkata] Contact form submission received: {"timestamp":"2026-03-05 22:57:48","post_data":{"contact_form":"1","name":"vive","email":"ash@gmail.com","phone":"9356907874","subject":"askjsn","message":"dsdkj"},"parsed_data":{"name":"vive","email":"ash@gmail.com","phone":"9356907874","subject":"askjsn","message":"dsdkj"}}
[05-Mar-2026 22:57:48 Asia/Kolkata] Attempting to insert: name=vive, email=ash@gmail.com, subject=askjsn
[05-Mar-2026 22:57:48 Asia/Kolkata] Contact submission inserted successfully with ID: 4
[05-Mar-2026 23:18:14 Asia/Kolkata] Contact form submission received: {"timestamp":"2026-03-05 23:18:14","post_data":{"contact_form":"1","name":"vinayak","email":"vin@gmail.com","phone":"9356907874","subject":"abcd","message":"abdbd"},"parsed_data":{"name":"vinayak","email":"vin@gmail.com","phone":"9356907874","subject":"abcd","message":"abdbd"}}
[05-Mar-2026 23:18:14 Asia/Kolkata] Attempting to insert: name=vinayak, email=vin@gmail.com, subject=abcd
[05-Mar-2026 23:18:14 Asia/Kolkata] Contact submission inserted successfully with ID: 5
[05-Mar-2026 23:19:16 Asia/Kolkata] Mailer error to vin@gmail.com: SMTP Error: Could not authenticate.
[06-Mar-2026 23:24:03 Asia/Kolkata] Contact form submission received: {"timestamp":"2026-03-06 23:24:03","post_data":{"name":"CSE Student","email":"csestudent2026@gmail.com","phone":"9356907874","subject":"[Complaint] Loan Related","message":"Account No: asjkdb\r\n\r\nasdnkj","contact_form":"1"},"parsed_data":{"name":"CSE Student","email":"csestudent2026@gmail.com","phone":"9356907874","subject":"[Complaint] Loan Related","message":"Account No: asjkdb\r\n\r\nasdnkj"}}
[06-Mar-2026 23:24:03 Asia/Kolkata] Attempting to insert: name=CSE Student, email=csestudent2026@gmail.com, subject=[Complaint] Loan Related
[06-Mar-2026 23:24:03 Asia/Kolkata] Contact submission inserted successfully with ID: 6
[06-Mar-2026 23:25:05 Asia/Kolkata] Contact form submission received: {"timestamp":"2026-03-06 23:25:05","post_data":{"name":"CSE Student","email":"csestudent2026@gmail.com","phone":"9356907874","subject":"ad","message":"sad","contact_form":"1"},"parsed_data":{"name":"CSE Student","email":"csestudent2026@gmail.com","phone":"9356907874","subject":"ad","message":"sad"}}
[06-Mar-2026 23:25:05 Asia/Kolkata] Attempting to insert: name=CSE Student, email=csestudent2026@gmail.com, subject=ad
[06-Mar-2026 23:25:05 Asia/Kolkata] Contact submission inserted successfully with ID: 7
[06-Mar-2026 23:35:40 Asia/Kolkata] Contact form submission received: {"timestamp":"2026-03-06 23:35:40","post_data":{"contact_form":"1","name":"Vivek Katkar","email":"vivek@gmail.com","phone":"9356907874","subject":"Loan related query ","message":"Hello sir I have to ask some questions regarding loans"},"parsed_data":{"name":"Vivek Katkar","email":"vivek@gmail.com","phone":"9356907874","subject":"Loan related query","message":"Hello sir I have to ask some questions regarding loans"}}
[06-Mar-2026 23:35:40 Asia/Kolkata] Attempting to insert: name=Vivek Katkar, email=vivek@gmail.com, subject=Loan related query
[06-Mar-2026 23:35:40 Asia/Kolkata] Contact submission inserted successfully with ID: 11
[06-Mar-2026 23:43:17 Asia/Kolkata] PHP Fatal error:  Cannot redeclare getDBConnection() (previously declared in C:\xampp\htdocs\bank-website-grok\includes\db.php:21) in C:\xampp\htdocs\bank-website-grok\includes\db.php on line 47
[06-Mar-2026 23:43:26 Asia/Kolkata] PHP Fatal error:  Cannot redeclare getDBConnection() (previously declared in C:\xampp\htdocs\bank-website-grok\includes\db.php:21) in C:\xampp\htdocs\bank-website-grok\includes\db.php on line 47
[06-Mar-2026 23:44:31 Asia/Kolkata] PHP Fatal error:  Cannot redeclare getDBConnection() (previously declared in C:\xampp\htdocs\bank-website-grok\includes\db.php:21) in C:\xampp\htdocs\bank-website-grok\includes\db.php on line 47
